<?xml version="1.0" encoding="UTF-8"?>
<testsuite xmlns:xsi="http://www.w3.org/2001/XMLSchema-instance" xsi:noNamespaceSchemaLocation="https://maven.apache.org/surefire/maven-surefire-plugin/xsd/surefire-test-report-3.0.xsd" version="3.0" name="MathUtilityTest" time="0.062" tests="3" errors="0" skipped="0" failures="0">
  <properties>
[...]
</properties>
  <testcase name="verifyFactorialGivenRightArument0ReturnsOk" classname="MathUtilityTest" time="0.047"/>
  <testcase name="verifyFactorialGivenRightArumen1ReturnsOk" classname="MathUtilityTest" time="0.0"/>
  <testcase name="verifyFactorialGivenRightArument5ReturnsOk" classname="MathUtilityTest" time="0.0"/>
</testsuite>